This file contains any messages produced by compilers while
running configure, to aid debugging if configure makes a mistake.

It was created by configure, which was
generated by GNU Autoconf 2.71.  Invocation command line was

  $ ./configure

## --------- ##
## Platform. ##
## --------- ##

hostname = Rainys-MacBook-Pro.local
uname -m = arm64
uname -r = 24.1.0
uname -s = Darwin
uname -v = Darwin Kernel Version 24.1.0: Thu Oct 10 21:05:14 PDT 2024; root:xnu-11215.41.3~2/RELEASE_ARM64_T8103

/usr/bin/uname -p = arm
/bin/uname -X     = unknown

/bin/arch              = unknown
/usr/bin/arch -k       = unknown
/usr/convex/getsysinfo = unknown
/usr/bin/hostinfo      = Mach kernel version:
	 Darwin Kernel Version 24.1.0: Thu Oct 10 21:05:14 PDT 2024; root:xnu-11215.41.3~2/RELEASE_ARM64_T8103
Kernel configured for up to 8 processors.
8 processors are physically available.
8 processors are logically available.
Processor type: arm64e (ARM64E)
Processors active: 0 1 2 3 4 5 6 7
Primary memory available: 8.00 gigabytes
Default processor set: 644 tasks, 5369 threads, 8 processors
Load average: 1.46, Mach factor: 6.52
/bin/machine           = unknown
/usr/bin/oslevel       = unknown
/bin/universe          = unknown

PATH: /opt/homebrew/bin/
PATH: /opt/homebrew/sbin/
PATH: /Library/Frameworks/Python.framework/Versions/3.9/bin/
PATH: /usr/local/bin/
PATH: /System/Cryptexes/App/usr/bin/
PATH: /usr/bin/
PATH: /bin/
PATH: /usr/sbin/
PATH: /sbin/
PATH: /var/run/com.apple.security.cryptexd/codex.system/bootstrap/usr/local/bin/
PATH: /var/run/com.apple.security.cryptexd/codex.system/bootstrap/usr/bin/
PATH: /var/run/com.apple.security.cryptexd/codex.system/bootstrap/usr/appleinternal/bin/
PATH: /Library/Apple/usr/bin/
PATH: /Library/TeX/texbin/
PATH: /Users/rainyhe/opt/anaconda3/bin/
PATH: /Users/rainyhe/opt/anaconda3/condabin/


## ----------- ##
## Core tests. ##
## ----------- ##

configure:2913: looking for aux files: install-sh config.guess config.sub
configure:2926:  trying ./
configure:2937:   ./install-sh found
configure:2955:   ./config.guess found
configure:2955:   ./config.sub found
configure:3075: checking build system type
configure:3090: result: aarch64-apple-darwin24.1.0
configure:3110: checking host system type
configure:3124: result: aarch64-apple-darwin24.1.0
configure:3215: checking for gcc
configure:3236: found /usr/bin/gcc
configure:3247: result: gcc
configure:3600: checking for C compiler version
configure:3609: gcc --version >&5
Apple clang version 16.0.0 (clang-1600.0.26.6)
Target: arm64-apple-darwin24.1.0
Thread model: posix
InstalledDir: /Applications/Xcode.app/Contents/Developer/Toolchains/XcodeDefault.xctoolchain/usr/bin
configure:3620: $? = 0
configure:3609: gcc -v >&5
Apple clang version 16.0.0 (clang-1600.0.26.6)
Target: arm64-apple-darwin24.1.0
Thread model: posix
InstalledDir: /Applications/Xcode.app/Contents/Developer/Toolchains/XcodeDefault.xctoolchain/usr/bin
configure:3620: $? = 0
configure:3609: gcc -V >&5
clang: error: argument to '-V' is missing (expected 1 value)
clang: error: no input files
configure:3620: $? = 1
configure:3609: gcc -qversion >&5
clang: error: unknown argument '-qversion'; did you mean '--version'?
clang: error: no input files
configure:3620: $? = 1
configure:3609: gcc -version >&5
clang: error: unknown argument '-version'; did you mean '--version'?
clang: error: no input files
configure:3620: $? = 1
configure:3640: checking whether the C compiler works
configure:3662: gcc    conftest.c  >&5
configure:3666: $? = 0
configure:3716: result: yes
configure:3719: checking for C compiler default output file name
configure:3721: result: a.out
configure:3727: checking for suffix of executables
configure:3734: gcc -o conftest    conftest.c  >&5
configure:3738: $? = 0
configure:3761: result: 
configure:3783: checking whether we are cross compiling
configure:3791: gcc -o conftest    conftest.c  >&5
configure:3795: $? = 0
configure:3802: ./conftest
configure:3806: $? = 0
configure:3821: result: no
configure:3826: checking for suffix of object files
configure:3849: gcc -c   conftest.c >&5
configure:3853: $? = 0
configure:3875: result: o
configure:3879: checking whether the compiler supports GNU C
configure:3899: gcc -c   conftest.c >&5
configure:3899: $? = 0
configure:3909: result: yes
configure:3920: checking whether gcc accepts -g
configure:3941: gcc -c -g  conftest.c >&5
configure:3941: $? = 0
configure:3985: result: yes
configure:4005: checking for gcc option to enable C11 features
configure:4020: gcc  -c   conftest.c >&5
conftest.c:23:14: warning: a function definition without a prototype is deprecated in all versions of C and is not supported in C2x [-Wdeprecated-non-prototype]
   23 | static char *e (p, i)
      |              ^
1 warning generated.
configure:4020: $? = 0
configure:4038: result: none needed
configure:4217: checking for g++
configure:4238: found /usr/bin/g++
configure:4249: result: g++
configure:4276: checking for C++ compiler version
configure:4285: g++ --version >&5
Apple clang version 16.0.0 (clang-1600.0.26.6)
Target: arm64-apple-darwin24.1.0
Thread model: posix
InstalledDir: /Applications/Xcode.app/Contents/Developer/Toolchains/XcodeDefault.xctoolchain/usr/bin
configure:4296: $? = 0
configure:4285: g++ -v >&5
Apple clang version 16.0.0 (clang-1600.0.26.6)
Target: arm64-apple-darwin24.1.0
Thread model: posix
InstalledDir: /Applications/Xcode.app/Contents/Developer/Toolchains/XcodeDefault.xctoolchain/usr/bin
configure:4296: $? = 0
configure:4285: g++ -V >&5
clang++: error: argument to '-V' is missing (expected 1 value)
clang++: error: no input files
configure:4296: $? = 1
configure:4285: g++ -qversion >&5
clang++: error: unknown argument '-qversion'; did you mean '--version'?
clang++: error: no input files
configure:4296: $? = 1
configure:4300: checking whether the compiler supports GNU C++
configure:4320: g++ -c   conftest.cpp >&5
configure:4320: $? = 0
configure:4330: result: yes
configure:4341: checking whether g++ accepts -g
configure:4362: g++ -c -g  conftest.cpp >&5
configure:4362: $? = 0
configure:4406: result: yes
configure:4426: checking for g++ option to enable C++11 features
configure:4441: g++  -c   conftest.cpp >&5
conftest.cpp:55:3: error: "Compiler does not advertise C++11 conformance"
   55 | # error "Compiler does not advertise C++11 conformance"
      |   ^
conftest.cpp:60:3: error: unknown type name 'constexpr'
   60 |   constexpr int get_val() { return 20; }
      |   ^
conftest.cpp:72:17: error: delegating constructors are permitted only in C++11
   72 |     delegate(): delegate(2354) {}
      |                 ^~~~~~~~
conftest.cpp:83:26: warning: 'override' keyword is a C++11 extension [-Wc++11-extensions]
   83 |     virtual int getval() override final { return this->n * 2; }
      |                          ^
conftest.cpp:83:35: warning: 'final' keyword is a C++11 extension [-Wc++11-extensions]
   83 |     virtual int getval() override final { return this->n * 2; }
      |                                   ^
conftest.cpp:90:16: warning: defaulted function definitions are a C++11 extension [-Wc++11-extensions]
   90 |     nocopy() = default;
      |                ^
conftest.cpp:91:29: warning: deleted function definitions are a C++11 extension [-Wc++11-extensions]
   91 |     nocopy(const nocopy&) = delete;
      |                             ^
conftest.cpp:92:41: warning: deleted function definitions are a C++11 extension [-Wc++11-extensions]
   92 |     nocopy & operator=(const nocopy&) = delete;
      |                                         ^
conftest.cpp:104:25: warning: 'auto' type specifier is a C++11 extension [-Wc++11-extensions]
  104 |   template <typename V> auto sum(V first) -> V
      |                         ^
conftest.cpp:104:25: error: 'auto' not allowed in function return type
  104 |   template <typename V> auto sum(V first) -> V
      |                         ^~~~
conftest.cpp:104:42: error: expected ';' at end of declaration
  104 |   template <typename V> auto sum(V first) -> V
      |                                          ^
      |                                          ;
conftest.cpp:104:43: error: cannot use arrow operator on a type
  104 |   template <typename V> auto sum(V first) -> V
      |                                           ^
conftest.cpp:108:33: warning: variadic templates are a C++11 extension [-Wc++11-extensions]
  108 |   template <typename V, typename... Args> auto sum(V first, Args... rest) -> V
      |                                 ^
conftest.cpp:108:43: warning: 'auto' type specifier is a C++11 extension [-Wc++11-extensions]
  108 |   template <typename V, typename... Args> auto sum(V first, Args... rest) -> V
      |                                           ^
conftest.cpp:108:43: error: 'auto' not allowed in function return type
  108 |   template <typename V, typename... Args> auto sum(V first, Args... rest) -> V
      |                                           ^~~~
conftest.cpp:108:74: error: expected ';' at end of declaration
  108 |   template <typename V, typename... Args> auto sum(V first, Args... rest) -> V
      |                                                                          ^
      |                                                                          ;
conftest.cpp:108:75: error: cannot use arrow operator on a type
  108 |   template <typename V, typename... Args> auto sum(V first, Args... rest) -> V
      |                                                                           ^
conftest.cpp:132:3: warning: 'auto' type specifier is a C++11 extension [-Wc++11-extensions]
  132 |   auto a1 = 6538;
      |   ^
conftest.cpp:133:3: warning: 'auto' type specifier is a C++11 extension [-Wc++11-extensions]
  133 |   auto a2 = 48573953.4;
      |   ^
conftest.cpp:134:3: warning: 'auto' type specifier is a C++11 extension [-Wc++11-extensions]
  134 |   auto a3 = "String literal";
      |   ^
conftest.cpp:137:8: warning: 'auto' type specifier is a C++11 extension [-Wc++11-extensions]
  137 |   for (auto i = a3; *i; ++i) { total += *i; }
      |        ^
conftest.cpp:153:8: warning: 'auto' type specifier is a C++11 extension [-Wc++11-extensions]
  153 |   for (auto &x : array) { x += 23; }
      |        ^
conftest.cpp:153:16: warning: range-based for loop is a C++11 extension [-Wc++11-extensions]
  153 |   for (auto &x : array) { x += 23; }
      |                ^
conftest.cpp:158:17: error: expected expression
  158 |   assert (eval ([](int x) { return x*2; }, 21) == 42);
      |                 ^
conftest.cpp:160:17: error: expected expression
  160 |   assert (eval ([&](double x) { return d += x; }, 3.0) == 5.0);
      |                 ^
conftest.cpp:162:17: error: expected expression
  162 |   assert (eval ([=](double x) mutable { return d += x; }, 4.0) == 9.0);
      |                 ^
conftest.cpp:168:3: warning: 'auto' type specifier is a C++11 extension [-Wc++11-extensions]
  168 |   auto a = sum(1);
      |   ^
conftest.cpp:168:12: error: no matching function for call to 'sum'
  168 |   auto a = sum(1);
      |            ^~~
conftest.cpp:169:3: warning: 'auto' type specifier is a C++11 extension [-Wc++11-extensions]
  169 |   auto b = sum(1, 2);
      |   ^
conftest.cpp:169:12: error: no matching function for call to 'sum'
  169 |   auto b = sum(1, 2);
      |            ^~~
conftest.cpp:170:3: warning: 'auto' type specifier is a C++11 extension [-Wc++11-extensions]
  170 |   auto c = sum(1.0, 2.0, 3.0);
      |   ^
conftest.cpp:170:12: error: no matching function for call to 'sum'
  170 |   auto c = sum(1.0, 2.0, 3.0);
      |            ^~~
conftest.cpp:175:25: warning: empty parentheses interpreted as a function declaration [-Wvexing-parse]
  175 |   cxx11test::delegate d2();
      |                         ^~
conftest.cpp:175:25: note: remove parentheses to declare a variable
  175 |   cxx11test::delegate d2();
      |                         ^~
conftest.cpp:188:16: error: found '<::' after a template name which forms the digraph '<:' (aka '[') and a ':', did you mean '< ::'?
  188 |   test_template<::test_template<int>> v(test_template<int>(12));
      |                ^~~
      |                < ::
conftest.cpp:188:36: error: a space is required between consecutive right angle brackets (use '> >')
  188 |   test_template<::test_template<int>> v(test_template<int>(12));
      |                                    ^~
      |                                    > >
conftest.cpp:192:22: error: use of undeclared identifier 'u8'
  192 |   char const *utf8 = u8"UTF-8 string \u2500";
      |                      ^
conftest.cpp:192:24: error: expected ';' at end of declaration
  192 |   char const *utf8 = u8"UTF-8 string \u2500";
      |                        ^
      |                        ;
fatal error: too many errors emitted, stopping now [-ferror-limit=]
18 warnings and 20 errors generated.
configure:4441: $? = 1
configure: failed program was:
| /* confdefs.h */
| #define PACKAGE_NAME ""
| #define PACKAGE_TARNAME ""
| #define PACKAGE_VERSION ""
| #define PACKAGE_STRING ""
| #define PACKAGE_BUGREPORT ""
| #define PACKAGE_URL ""
| /* end confdefs.h.  */
| 
| // Does the compiler advertise C++98 conformance?
| #if !defined __cplusplus || __cplusplus < 199711L
| # error "Compiler does not advertise C++98 conformance"
| #endif
| 
| // These inclusions are to reject old compilers that
| // lack the unsuffixed header files.
| #include <cstdlib>
| #include <exception>
| 
| // <cassert> and <cstring> are *not* freestanding headers in C++98.
| extern void assert (int);
| namespace std {
|   extern int strcmp (const char *, const char *);
| }
| 
| // Namespaces, exceptions, and templates were all added after "C++ 2.0".
| using std::exception;
| using std::strcmp;
| 
| namespace {
| 
| void test_exception_syntax()
| {
|   try {
|     throw "test";
|   } catch (const char *s) {
|     // Extra parentheses suppress a warning when building autoconf itself,
|     // due to lint rules shared with more typical C programs.
|     assert (!(strcmp) (s, "test"));
|   }
| }
| 
| template <typename T> struct test_template
| {
|   T const val;
|   explicit test_template(T t) : val(t) {}
|   template <typename U> T add(U u) { return static_cast<T>(u) + val; }
| };
| 
| } // anonymous namespace
| 
| 
| // Does the compiler advertise C++ 2011 conformance?
| #if !defined __cplusplus || __cplusplus < 201103L
| # error "Compiler does not advertise C++11 conformance"
| #endif
| 
| namespace cxx11test
| {
|   constexpr int get_val() { return 20; }
| 
|   struct testinit
|   {
|     int i;
|     double d;
|   };
| 
|   class delegate
|   {
|   public:
|     delegate(int n) : n(n) {}
|     delegate(): delegate(2354) {}
| 
|     virtual int getval() { return this->n; };
|   protected:
|     int n;
|   };
| 
|   class overridden : public delegate
|   {
|   public:
|     overridden(int n): delegate(n) {}
|     virtual int getval() override final { return this->n * 2; }
|   };
| 
|   class nocopy
|   {
|   public:
|     nocopy(int i): i(i) {}
|     nocopy() = default;
|     nocopy(const nocopy&) = delete;
|     nocopy & operator=(const nocopy&) = delete;
|   private:
|     int i;
|   };
| 
|   // for testing lambda expressions
|   template <typename Ret, typename Fn> Ret eval(Fn f, Ret v)
|   {
|     return f(v);
|   }
| 
|   // for testing variadic templates and trailing return types
|   template <typename V> auto sum(V first) -> V
|   {
|     return first;
|   }
|   template <typename V, typename... Args> auto sum(V first, Args... rest) -> V
|   {
|     return first + sum(rest...);
|   }
| }
| 
| 
| int
| main (int argc, char **argv)
| {
|   int ok = 0;
|   
|   assert (argc);
|   assert (! argv[0]);
| {
|   test_exception_syntax ();
|   test_template<double> tt (2.0);
|   assert (tt.add (4) == 6.0);
|   assert (true && !false);
| }
| 
|   
| {
|   // Test auto and decltype
|   auto a1 = 6538;
|   auto a2 = 48573953.4;
|   auto a3 = "String literal";
| 
|   int total = 0;
|   for (auto i = a3; *i; ++i) { total += *i; }
| 
|   decltype(a2) a4 = 34895.034;
| }
| {
|   // Test constexpr
|   short sa[cxx11test::get_val()] = { 0 };
| }
| {
|   // Test initializer lists
|   cxx11test::testinit il = { 4323, 435234.23544 };
| }
| {
|   // Test range-based for
|   int array[] = {9, 7, 13, 15, 4, 18, 12, 10, 5, 3,
|                  14, 19, 17, 8, 6, 20, 16, 2, 11, 1};
|   for (auto &x : array) { x += 23; }
| }
| {
|   // Test lambda expressions
|   using cxx11test::eval;
|   assert (eval ([](int x) { return x*2; }, 21) == 42);
|   double d = 2.0;
|   assert (eval ([&](double x) { return d += x; }, 3.0) == 5.0);
|   assert (d == 5.0);
|   assert (eval ([=](double x) mutable { return d += x; }, 4.0) == 9.0);
|   assert (d == 5.0);
| }
| {
|   // Test use of variadic templates
|   using cxx11test::sum;
|   auto a = sum(1);
|   auto b = sum(1, 2);
|   auto c = sum(1.0, 2.0, 3.0);
| }
| {
|   // Test constructor delegation
|   cxx11test::delegate d1;
|   cxx11test::delegate d2();
|   cxx11test::delegate d3(45);
| }
| {
|   // Test override and final
|   cxx11test::overridden o1(55464);
| }
| {
|   // Test nullptr
|   char *c = nullptr;
| }
| {
|   // Test template brackets
|   test_template<::test_template<int>> v(test_template<int>(12));
| }
| {
|   // Unicode literals
|   char const *utf8 = u8"UTF-8 string \u2500";
|   char16_t const *utf16 = u"UTF-8 string \u2500";
|   char32_t const *utf32 = U"UTF-32 string \u2500";
| }
| 
|   return ok;
| }
| 
configure:4441: g++ -std=gnu++11 -c   conftest.cpp >&5
conftest.cpp:175:25: warning: empty parentheses interpreted as a function declaration [-Wvexing-parse]
  175 |   cxx11test::delegate d2();
      |                         ^~
conftest.cpp:175:25: note: remove parentheses to declare a variable
  175 |   cxx11test::delegate d2();
      |                         ^~
1 warning generated.
configure:4441: $? = 0
configure:4462: result: -std=gnu++11
configure:5019: checking for a BSD-compatible install
configure:5092: result: /usr/bin/install -c
configure:5114: checking for nroff
configure:5152: result: no
configure:5212: checking for doxygen
configure:5250: result: no
configure:5304: checking for ranlib
configure:5325: found /usr/bin/ranlib
configure:5336: result: ranlib
configure:5409: checking for ar
configure:5432: found /usr/bin/ar
configure:5444: result: /usr/bin/ar
configure:5530: checking for windres
configure:5568: result: no
configure:5593: checking for stdio.h
configure:5593: gcc -c   conftest.c >&5
configure:5593: $? = 0
configure:5593: result: yes
configure:5593: checking for stdlib.h
configure:5593: gcc -c   conftest.c >&5
configure:5593: $? = 0
configure:5593: result: yes
configure:5593: checking for string.h
configure:5593: gcc -c   conftest.c >&5
configure:5593: $? = 0
configure:5593: result: yes
configure:5593: checking for inttypes.h
configure:5593: gcc -c   conftest.c >&5
configure:5593: $? = 0
configure:5593: result: yes
configure:5593: checking for stdint.h
configure:5593: gcc -c   conftest.c >&5
configure:5593: $? = 0
configure:5593: result: yes
configure:5593: checking for strings.h
configure:5593: gcc -c   conftest.c >&5
configure:5593: $? = 0
configure:5593: result: yes
configure:5593: checking for sys/stat.h
configure:5593: gcc -c   conftest.c >&5
configure:5593: $? = 0
configure:5593: result: yes
configure:5593: checking for sys/types.h
configure:5593: gcc -c   conftest.c >&5
configure:5593: $? = 0
configure:5593: result: yes
configure:5593: checking for unistd.h
configure:5593: gcc -c   conftest.c >&5
configure:5593: $? = 0
configure:5593: result: yes
configure:5622: checking size of short
configure:5628: gcc -o conftest    conftest.c  >&5
configure:5628: $? = 0
configure:5628: ./conftest
configure:5628: $? = 0
configure:5643: result: 2
configure:5655: checking size of int
configure:5661: gcc -o conftest    conftest.c  >&5
configure:5661: $? = 0
configure:5661: ./conftest
configure:5661: $? = 0
configure:5676: result: 4
configure:5688: checking size of long
configure:5694: gcc -o conftest    conftest.c  >&5
configure:5694: $? = 0
configure:5694: ./conftest
configure:5694: $? = 0
configure:5709: result: 8
configure:5980: checking whether the compiler recognizes bool as a built-in type
configure:6011: g++ -std=gnu++11 -c   conftest.cpp >&5
configure:6011: $? = 0
configure:6026: result: yes
configure:6036: checking for dirent.h that defines DIR
configure:6056: gcc -c   conftest.c >&5
configure:6056: $? = 0
configure:6065: result: yes
configure:6079: checking for library containing opendir
configure:6109: gcc -o conftest    conftest.c  >&5
configure:6109: $? = 0
configure:6129: result: none required
configure:6200: checking for sys/select.h
configure:6200: gcc -c   conftest.c >&5
configure:6200: $? = 0
configure:6200: result: yes
configure:6206: checking for sys/stdtypes.h
configure:6206: gcc -c   conftest.c >&5
conftest.c:54:10: fatal error: 'sys/stdtypes.h' file not found
   54 | #include <sys/stdtypes.h>
      |          ^~~~~~~~~~~~~~~~
1 error generated.
configure:6206: $? = 1
configure: failed program was:
| /* confdefs.h */
| #define PACKAGE_NAME ""
| #define PACKAGE_TARNAME ""
| #define PACKAGE_VERSION ""
| #define PACKAGE_STRING ""
| #define PACKAGE_BUGREPORT ""
| #define PACKAGE_URL ""
| #define HAVE_STDIO_H 1
| #define HAVE_STDLIB_H 1
| #define HAVE_STRING_H 1
| #define HAVE_INTTYPES_H 1
| #define HAVE_STDINT_H 1
| #define HAVE_STRINGS_H 1
| #define HAVE_SYS_STAT_H 1
| #define HAVE_SYS_TYPES_H 1
| #define HAVE_UNISTD_H 1
| #define STDC_HEADERS 1
| #define SIZEOF_SHORT 2
| #define SIZEOF_INT 4
| #define SIZEOF_LONG 8
| #define U16 unsigned short
| #define U32 unsigned
| #define HAVE_DIRENT_H 1
| #define HAVE_SYS_SELECT_H 1
| /* end confdefs.h.  */
| #include <stddef.h>
| #ifdef HAVE_STDIO_H
| # include <stdio.h>
| #endif
| #ifdef HAVE_STDLIB_H
| # include <stdlib.h>
| #endif
| #ifdef HAVE_STRING_H
| # include <string.h>
| #endif
| #ifdef HAVE_INTTYPES_H
| # include <inttypes.h>
| #endif
| #ifdef HAVE_STDINT_H
| # include <stdint.h>
| #endif
| #ifdef HAVE_STRINGS_H
| # include <strings.h>
| #endif
| #ifdef HAVE_SYS_TYPES_H
| # include <sys/types.h>
| #endif
| #ifdef HAVE_SYS_STAT_H
| # include <sys/stat.h>
| #endif
| #ifdef HAVE_UNISTD_H
| # include <unistd.h>
| #endif
| #include <sys/stdtypes.h>
configure:6206: result: no
configure:6214: checking whether we have the POSIX compatible scandir() prototype
configure:6244: g++ -std=gnu++11 -c   conftest.cpp >&5
configure:6244: $? = 0
configure:6259: result: yes
configure:6286: checking for vsnprintf
configure:6286: gcc -o conftest    conftest.c  >&5
conftest.c:44:6: warning: incompatible redeclaration of library function 'vsnprintf' [-Wincompatible-library-redeclaration]
   44 | char vsnprintf ();
      |      ^
conftest.c:44:6: note: 'vsnprintf' is a builtin with type 'int (char *, unsigned long, const char *, __builtin_va_list)'
1 warning generated.
configure:6286: $? = 0
configure:6286: result: yes
configure:6306: checking for snprintf
configure:6306: gcc -o conftest    conftest.c  >&5
conftest.c:45:6: warning: incompatible redeclaration of library function 'snprintf' [-Wincompatible-library-redeclaration]
   45 | char snprintf ();
      |      ^
conftest.c:45:6: note: 'snprintf' is a builtin with type 'int (char *, unsigned long, const char *, ...)'
1 warning generated.
configure:6306: $? = 0
configure:6306: result: yes
configure:6326: checking for strings.h
configure:6326: result: yes
configure:6333: checking for strcasecmp
configure:6333: gcc -o conftest    conftest.c  >&5
conftest.c:47:6: warning: incompatible redeclaration of library function 'strcasecmp' [-Wincompatible-library-redeclaration]
   47 | char strcasecmp ();
      |      ^
conftest.c:47:6: note: 'strcasecmp' is a builtin with type 'int (const char *, const char *)'
1 warning generated.
configure:6333: $? = 0
configure:6333: result: yes
configure:6339: checking for strlcat
configure:6339: gcc -o conftest    conftest.c  >&5
conftest.c:48:6: warning: incompatible redeclaration of library function 'strlcat' [-Wincompatible-library-redeclaration]
   48 | char strlcat ();
      |      ^
conftest.c:48:6: note: 'strlcat' is a builtin with type 'unsigned long (char *, const char *, unsigned long)'
1 warning generated.
configure:6339: $? = 0
configure:6339: result: yes
configure:6345: checking for strlcpy
configure:6345: gcc -o conftest    conftest.c  >&5
conftest.c:49:6: warning: incompatible redeclaration of library function 'strlcpy' [-Wincompatible-library-redeclaration]
   49 | char strlcpy ();
      |      ^
conftest.c:49:6: note: 'strlcpy' is a builtin with type 'unsigned long (char *, const char *, unsigned long)'
1 warning generated.
configure:6345: $? = 0
configure:6345: result: yes
configure:6353: checking for locale.h
configure:6353: gcc -c   conftest.c >&5
configure:6353: $? = 0
configure:6353: result: yes
configure:6360: checking for localeconv
configure:6360: gcc -o conftest    conftest.c  >&5
configure:6360: $? = 0
configure:6360: result: yes
configure:6368: checking for library containing pow
configure:6398: gcc -o conftest    conftest.c  >&5
conftest.c:40:6: warning: incompatible redeclaration of library function 'pow' [-Wincompatible-library-redeclaration]
   40 | char pow ();
      |      ^
conftest.c:40:6: note: 'pow' is a builtin with type 'double (double, double)'
1 warning generated.
configure:6398: $? = 0
configure:6418: result: none required
configure:6436: checking for special C compiler options needed for large files
configure:6484: result: no
configure:6490: checking for _FILE_OFFSET_BITS value needed for large files
configure:6516: gcc -c   conftest.c >&5
configure:6516: $? = 0
configure:6550: result: no
configure:6647: checking for long long int
configure:6676: result: yes
configure:6684: checking for library containing dlsym
configure:6714: gcc -o conftest    conftest.c  >&5
configure:6714: $? = 0
configure:6734: result: none required
configure:6744: checking for dlfcn.h
configure:6744: gcc -c   conftest.c >&5
configure:6744: $? = 0
configure:6744: result: yes
configure:6818: checking for jpeg_CreateCompress in -ljpeg
configure:6841: gcc -o conftest    conftest.c -ljpeg   >&5
ld: library 'jpeg' not found
clang: error: linker command failed with exit code 1 (use -v to see invocation)
configure:6841: $? = 1
configure: failed program was:
| /* confdefs.h */
| #define PACKAGE_NAME ""
| #define PACKAGE_TARNAME ""
| #define PACKAGE_VERSION ""
| #define PACKAGE_STRING ""
| #define PACKAGE_BUGREPORT ""
| #define PACKAGE_URL ""
| #define HAVE_STDIO_H 1
| #define HAVE_STDLIB_H 1
| #define HAVE_STRING_H 1
| #define HAVE_INTTYPES_H 1
| #define HAVE_STDINT_H 1
| #define HAVE_STRINGS_H 1
| #define HAVE_SYS_STAT_H 1
| #define HAVE_SYS_TYPES_H 1
| #define HAVE_UNISTD_H 1
| #define STDC_HEADERS 1
| #define SIZEOF_SHORT 2
| #define SIZEOF_INT 4
| #define SIZEOF_LONG 8
| #define U16 unsigned short
| #define U32 unsigned
| #define HAVE_DIRENT_H 1
| #define HAVE_SYS_SELECT_H 1
| #define HAVE_SCANDIR 1
| #define HAVE_SCANDIR_POSIX 1
| #define HAVE_VSNPRINTF 1
| #define HAVE_SNPRINTF 1
| #define HAVE_STRINGS_H 1
| #define HAVE_STRCASECMP 1
| #define HAVE_STRLCAT 1
| #define HAVE_STRLCPY 1
| #define HAVE_LOCALE_H 1
| #define HAVE_LOCALECONV 1
| #define HAVE_LONG_LONG 1
| #define HAVE_DLSYM 1
| #define HAVE_DLFCN_H 1
| /* end confdefs.h.  */
| 
| /* Override any GCC internal prototype to avoid an error.
|    Use char because int might match the return type of a GCC
|    builtin and then its argument prototype would still apply.  */
| char jpeg_CreateCompress ();
| int
| main (void)
| {
| return jpeg_CreateCompress ();
|   ;
|   return 0;
| }
configure:6851: result: no
configure:6912: checking for gzgets in -lz
configure:6935: gcc -o conftest    conftest.c -lz   >&5
configure:6935: $? = 0
configure:6945: result: yes
configure:6950: checking for zlib.h
configure:6950: gcc -c   conftest.c >&5
configure:6950: $? = 0
configure:6950: result: yes
configure:6977: checking for png_read_info in -lpng
configure:7000: gcc -o conftest    conftest.c -lpng   >&5
ld: library 'png' not found
clang: error: linker command failed with exit code 1 (use -v to see invocation)
configure:7000: $? = 1
configure: failed program was:
| /* confdefs.h */
| #define PACKAGE_NAME ""
| #define PACKAGE_TARNAME ""
| #define PACKAGE_VERSION ""
| #define PACKAGE_STRING ""
| #define PACKAGE_BUGREPORT ""
| #define PACKAGE_URL ""
| #define HAVE_STDIO_H 1
| #define HAVE_STDLIB_H 1
| #define HAVE_STRING_H 1
| #define HAVE_INTTYPES_H 1
| #define HAVE_STDINT_H 1
| #define HAVE_STRINGS_H 1
| #define HAVE_SYS_STAT_H 1
| #define HAVE_SYS_TYPES_H 1
| #define HAVE_UNISTD_H 1
| #define STDC_HEADERS 1
| #define SIZEOF_SHORT 2
| #define SIZEOF_INT 4
| #define SIZEOF_LONG 8
| #define U16 unsigned short
| #define U32 unsigned
| #define HAVE_DIRENT_H 1
| #define HAVE_SYS_SELECT_H 1
| #define HAVE_SCANDIR 1
| #define HAVE_SCANDIR_POSIX 1
| #define HAVE_VSNPRINTF 1
| #define HAVE_SNPRINTF 1
| #define HAVE_STRINGS_H 1
| #define HAVE_STRCASECMP 1
| #define HAVE_STRLCAT 1
| #define HAVE_STRLCPY 1
| #define HAVE_LOCALE_H 1
| #define HAVE_LOCALECONV 1
| #define HAVE_LONG_LONG 1
| #define HAVE_DLSYM 1
| #define HAVE_DLFCN_H 1
| #define HAVE_LIBJPEG 1
| /* end confdefs.h.  */
| 
| /* Override any GCC internal prototype to avoid an error.
|    Use char because int might match the return type of a GCC
|    builtin and then its argument prototype would still apply.  */
| char png_read_info ();
| int
| main (void)
| {
| return png_read_info ();
|   ;
|   return 0;
| }
configure:7010: result: no
configure:7061: WARNING: Local png lib selected: overriding z lib to local for compatibility.
configure:7251: checking for pthread.h
configure:7251: gcc -c   conftest.c >&5
configure:7251: $? = 0
configure:7251: result: yes
configure:7261: checking for pthread_create using -lpthreads
configure:7276: gcc -o conftest    conftest.c -lpthreads  >&5
conftest.c:50:16: warning: null passed to a callee that requires a non-null argument [-Wnonnull]
   50 | pthread_create(0, 0, 0, 0);
      |                ^
conftest.c:50:22: warning: null passed to a callee that requires a non-null argument [-Wnonnull]
   50 | pthread_create(0, 0, 0, 0);
      |                      ^
2 warnings generated.
ld: library 'pthreads' not found
clang: error: linker command failed with exit code 1 (use -v to see invocation)
configure:7276: $? = 1
configure: failed program was:
| /* confdefs.h */
| #define PACKAGE_NAME ""
| #define PACKAGE_TARNAME ""
| #define PACKAGE_VERSION ""
| #define PACKAGE_STRING ""
| #define PACKAGE_BUGREPORT ""
| #define PACKAGE_URL ""
| #define HAVE_STDIO_H 1
| #define HAVE_STDLIB_H 1
| #define HAVE_STRING_H 1
| #define HAVE_INTTYPES_H 1
| #define HAVE_STDINT_H 1
| #define HAVE_STRINGS_H 1
| #define HAVE_SYS_STAT_H 1
| #define HAVE_SYS_TYPES_H 1
| #define HAVE_UNISTD_H 1
| #define STDC_HEADERS 1
| #define SIZEOF_SHORT 2
| #define SIZEOF_INT 4
| #define SIZEOF_LONG 8
| #define U16 unsigned short
| #define U32 unsigned
| #define HAVE_DIRENT_H 1
| #define HAVE_SYS_SELECT_H 1
| #define HAVE_SCANDIR 1
| #define HAVE_SCANDIR_POSIX 1
| #define HAVE_VSNPRINTF 1
| #define HAVE_SNPRINTF 1
| #define HAVE_STRINGS_H 1
| #define HAVE_STRCASECMP 1
| #define HAVE_STRLCAT 1
| #define HAVE_STRLCPY 1
| #define HAVE_LOCALE_H 1
| #define HAVE_LOCALECONV 1
| #define HAVE_LONG_LONG 1
| #define HAVE_DLSYM 1
| #define HAVE_DLFCN_H 1
| #define HAVE_LIBJPEG 1
| #define HAVE_LIBZ 1
| #define HAVE_LIBPNG 1
| #define HAVE_PNG_H 1
| #define HAVE_PNG_GET_VALID 1
| #define HAVE_PNG_SET_TRNS_TO_ALPHA 1
| #define HAVE_PTHREAD_H 1
| /* end confdefs.h.  */
| #include <pthread.h>
| int
| main (void)
| {
| pthread_create(0, 0, 0, 0);
|   ;
|   return 0;
| }
configure:7284: result: no
configure:7261: checking for pthread_create using -lpthread
configure:7276: gcc -o conftest    conftest.c -lpthread  >&5
conftest.c:50:16: warning: null passed to a callee that requires a non-null argument [-Wnonnull]
   50 | pthread_create(0, 0, 0, 0);
      |                ^
conftest.c:50:22: warning: null passed to a callee that requires a non-null argument [-Wnonnull]
   50 | pthread_create(0, 0, 0, 0);
      |                      ^
2 warnings generated.
configure:7276: $? = 0
configure:7284: result: yes
configure:9262: checking if GCC supports -fno-exceptions
configure:9277: gcc -c  -fno-exceptions  conftest.c >&5
configure:9277: $? = 0
configure:9280: result: yes
configure:9290: checking if GCC supports -fno-strict-aliasing
configure:9305: gcc -c  -fno-strict-aliasing  conftest.c >&5
configure:9305: $? = 0
configure:9308: result: yes
configure:9318: checking if ld supports -no-undefined
configure:9333: gcc -o conftest    -Wl,-no-undefined conftest.c -lpthread  -framework Cocoa >&5
ld: unknown options: -no-undefined 
clang: error: linker command failed with exit code 1 (use -v to see invocation)
configure:9333: $? = 1
configure: failed program was:
| /* confdefs.h */
| #define PACKAGE_NAME ""
| #define PACKAGE_TARNAME ""
| #define PACKAGE_VERSION ""
| #define PACKAGE_STRING ""
| #define PACKAGE_BUGREPORT ""
| #define PACKAGE_URL ""
| #define HAVE_STDIO_H 1
| #define HAVE_STDLIB_H 1
| #define HAVE_STRING_H 1
| #define HAVE_INTTYPES_H 1
| #define HAVE_STDINT_H 1
| #define HAVE_STRINGS_H 1
| #define HAVE_SYS_STAT_H 1
| #define HAVE_SYS_TYPES_H 1
| #define HAVE_UNISTD_H 1
| #define STDC_HEADERS 1
| #define SIZEOF_SHORT 2
| #define SIZEOF_INT 4
| #define SIZEOF_LONG 8
| #define U16 unsigned short
| #define U32 unsigned
| #define HAVE_DIRENT_H 1
| #define HAVE_SYS_SELECT_H 1
| #define HAVE_SCANDIR 1
| #define HAVE_SCANDIR_POSIX 1
| #define HAVE_VSNPRINTF 1
| #define HAVE_SNPRINTF 1
| #define HAVE_STRINGS_H 1
| #define HAVE_STRCASECMP 1
| #define HAVE_STRLCAT 1
| #define HAVE_STRLCPY 1
| #define HAVE_LOCALE_H 1
| #define HAVE_LOCALECONV 1
| #define HAVE_LONG_LONG 1
| #define HAVE_DLSYM 1
| #define HAVE_DLFCN_H 1
| #define HAVE_LIBJPEG 1
| #define HAVE_LIBZ 1
| #define HAVE_LIBPNG 1
| #define HAVE_PNG_H 1
| #define HAVE_PNG_GET_VALID 1
| #define HAVE_PNG_SET_TRNS_TO_ALPHA 1
| #define HAVE_PTHREAD_H 1
| #define HAVE_PTHREAD 1
| #define __APPLE_QUARTZ__ 1
| #define HAVE_PTHREAD 1
| #define HAVE_GL 1
| #define HAVE_GL_GLU_H 1
| /* end confdefs.h.  */
| 
| int
| main (void)
| {
| 
|   ;
|   return 0;
| }
configure:9339: result: no
configure:9347: checking if ld supports -Bsymbolic-functions
configure:9362: gcc -o conftest    -Wl,-Bsymbolic-functions conftest.c -lpthread  -framework Cocoa >&5
ld: unknown options: -Bsymbolic-functions 
clang: error: linker command failed with exit code 1 (use -v to see invocation)
configure:9362: $? = 1
configure: failed program was:
| /* confdefs.h */
| #define PACKAGE_NAME ""
| #define PACKAGE_TARNAME ""
| #define PACKAGE_VERSION ""
| #define PACKAGE_STRING ""
| #define PACKAGE_BUGREPORT ""
| #define PACKAGE_URL ""
| #define HAVE_STDIO_H 1
| #define HAVE_STDLIB_H 1
| #define HAVE_STRING_H 1
| #define HAVE_INTTYPES_H 1
| #define HAVE_STDINT_H 1
| #define HAVE_STRINGS_H 1
| #define HAVE_SYS_STAT_H 1
| #define HAVE_SYS_TYPES_H 1
| #define HAVE_UNISTD_H 1
| #define STDC_HEADERS 1
| #define SIZEOF_SHORT 2
| #define SIZEOF_INT 4
| #define SIZEOF_LONG 8
| #define U16 unsigned short
| #define U32 unsigned
| #define HAVE_DIRENT_H 1
| #define HAVE_SYS_SELECT_H 1
| #define HAVE_SCANDIR 1
| #define HAVE_SCANDIR_POSIX 1
| #define HAVE_VSNPRINTF 1
| #define HAVE_SNPRINTF 1
| #define HAVE_STRINGS_H 1
| #define HAVE_STRCASECMP 1
| #define HAVE_STRLCAT 1
| #define HAVE_STRLCPY 1
| #define HAVE_LOCALE_H 1
| #define HAVE_LOCALECONV 1
| #define HAVE_LONG_LONG 1
| #define HAVE_DLSYM 1
| #define HAVE_DLFCN_H 1
| #define HAVE_LIBJPEG 1
| #define HAVE_LIBZ 1
| #define HAVE_LIBPNG 1
| #define HAVE_PNG_H 1
| #define HAVE_PNG_GET_VALID 1
| #define HAVE_PNG_SET_TRNS_TO_ALPHA 1
| #define HAVE_PTHREAD_H 1
| #define HAVE_PTHREAD 1
| #define __APPLE_QUARTZ__ 1
| #define HAVE_PTHREAD 1
| #define HAVE_GL 1
| #define HAVE_GL_GLU_H 1
| /* end confdefs.h.  */
| 
| int
| main (void)
| {
| 
|   ;
|   return 0;
| }
configure:9368: result: no
configure:9376: checking if toolchain supports sections
configure:9393: gcc -o conftest  -ffunction-sections -fdata-sections   -Wl,-gc-sections conftest.c -lpthread  -framework Cocoa >&5
ld: unknown options: -gc-sections 
clang: error: linker command failed with exit code 1 (use -v to see invocation)
configure:9393: $? = 1
configure: failed program was:
| /* confdefs.h */
| #define PACKAGE_NAME ""
| #define PACKAGE_TARNAME ""
| #define PACKAGE_VERSION ""
| #define PACKAGE_STRING ""
| #define PACKAGE_BUGREPORT ""
| #define PACKAGE_URL ""
| #define HAVE_STDIO_H 1
| #define HAVE_STDLIB_H 1
| #define HAVE_STRING_H 1
| #define HAVE_INTTYPES_H 1
| #define HAVE_STDINT_H 1
| #define HAVE_STRINGS_H 1
| #define HAVE_SYS_STAT_H 1
| #define HAVE_SYS_TYPES_H 1
| #define HAVE_UNISTD_H 1
| #define STDC_HEADERS 1
| #define SIZEOF_SHORT 2
| #define SIZEOF_INT 4
| #define SIZEOF_LONG 8
| #define U16 unsigned short
| #define U32 unsigned
| #define HAVE_DIRENT_H 1
| #define HAVE_SYS_SELECT_H 1
| #define HAVE_SCANDIR 1
| #define HAVE_SCANDIR_POSIX 1
| #define HAVE_VSNPRINTF 1
| #define HAVE_SNPRINTF 1
| #define HAVE_STRINGS_H 1
| #define HAVE_STRCASECMP 1
| #define HAVE_STRLCAT 1
| #define HAVE_STRLCPY 1
| #define HAVE_LOCALE_H 1
| #define HAVE_LOCALECONV 1
| #define HAVE_LONG_LONG 1
| #define HAVE_DLSYM 1
| #define HAVE_DLFCN_H 1
| #define HAVE_LIBJPEG 1
| #define HAVE_LIBZ 1
| #define HAVE_LIBPNG 1
| #define HAVE_PNG_H 1
| #define HAVE_PNG_GET_VALID 1
| #define HAVE_PNG_SET_TRNS_TO_ALPHA 1
| #define HAVE_PTHREAD_H 1
| #define HAVE_PTHREAD 1
| #define __APPLE_QUARTZ__ 1
| #define HAVE_PTHREAD 1
| #define HAVE_GL 1
| #define HAVE_GL_GLU_H 1
| /* end confdefs.h.  */
| 
| int
| main (void)
| {
| 
|   ;
|   return 0;
| }
configure:9400: result: no
configure:9792: creating ./config.status

## ---------------------- ##
## Running config.status. ##
## ---------------------- ##

This file was extended by config.status, which was
generated by GNU Autoconf 2.71.  Invocation command line was

  CONFIG_FILES    = 
  CONFIG_HEADERS  = 
  CONFIG_LINKS    = 
  CONFIG_COMMANDS = 
  $ ./config.status 

on Rainys-MacBook-Pro.local

config.status:923: creating makeinclude
config.status:923: creating fltk.list
config.status:923: creating fltk-config
config.status:923: creating fltk.spec
config.status:923: creating FL/Makefile
config.status:923: creating config.h
config.status:923: creating FL/abi-version.h

## ---------------- ##
## Cache variables. ##
## ---------------- ##

ac_cv_build=aarch64-apple-darwin24.1.0
ac_cv_c_compiler_gnu=yes
ac_cv_c_long_long=yes
ac_cv_cxx_bool=yes
ac_cv_cxx_compiler_gnu=yes
ac_cv_cxx_scandir_posix=yes
ac_cv_env_CCC_set=
ac_cv_env_CCC_value=
ac_cv_env_CC_set=
ac_cv_env_CC_value=
ac_cv_env_CFLAGS_set=
ac_cv_env_CFLAGS_value=
ac_cv_env_CPPFLAGS_set=
ac_cv_env_CPPFLAGS_value=
ac_cv_env_CPP_set=
ac_cv_env_CPP_value=
ac_cv_env_CXXFLAGS_set=
ac_cv_env_CXXFLAGS_value=
ac_cv_env_CXX_set=
ac_cv_env_CXX_value=
ac_cv_env_LDFLAGS_set=
ac_cv_env_LDFLAGS_value=
ac_cv_env_LIBS_set=
ac_cv_env_LIBS_value=
ac_cv_env_XMKMF_set=
ac_cv_env_XMKMF_value=
ac_cv_env_build_alias_set=
ac_cv_env_build_alias_value=
ac_cv_env_host_alias_set=
ac_cv_env_host_alias_value=
ac_cv_env_target_alias_set=
ac_cv_env_target_alias_value=
ac_cv_func_localeconv=yes
ac_cv_func_snprintf=yes
ac_cv_func_strcasecmp=yes
ac_cv_func_strlcat=yes
ac_cv_func_strlcpy=yes
ac_cv_func_vsnprintf=yes
ac_cv_header_dirent_dirent_h=yes
ac_cv_header_dlfcn_h=yes
ac_cv_header_inttypes_h=yes
ac_cv_header_locale_h=yes
ac_cv_header_pthread_h=yes
ac_cv_header_stdint_h=yes
ac_cv_header_stdio_h=yes
ac_cv_header_stdlib_h=yes
ac_cv_header_string_h=yes
ac_cv_header_strings_h=yes
ac_cv_header_sys_select_h=yes
ac_cv_header_sys_stat_h=yes
ac_cv_header_sys_stdtypes_h=no
ac_cv_header_sys_types_h=yes
ac_cv_header_unistd_h=yes
ac_cv_header_zlib_h=yes
ac_cv_host=aarch64-apple-darwin24.1.0
ac_cv_lib_jpeg_jpeg_CreateCompress=no
ac_cv_lib_png_png_read_info=no
ac_cv_lib_z_gzgets=no
ac_cv_objext=o
ac_cv_path_ac_pt_AR=/usr/bin/ar
ac_cv_path_install='/usr/bin/install -c'
ac_cv_prog_ac_ct_CC=gcc
ac_cv_prog_ac_ct_CXX=g++
ac_cv_prog_ac_ct_RANLIB=ranlib
ac_cv_prog_cc_c11=
ac_cv_prog_cc_g=yes
ac_cv_prog_cc_stdc=
ac_cv_prog_cxx_cxx11=-std=gnu++11
ac_cv_prog_cxx_g=yes
ac_cv_prog_cxx_stdcxx=-std=gnu++11
ac_cv_search_dlsym='none required'
ac_cv_search_opendir='none required'
ac_cv_search_pow='none required'
ac_cv_sizeof_int=4
ac_cv_sizeof_long=8
ac_cv_sizeof_short=2
ac_cv_sys_file_offset_bits=no
ac_cv_sys_largefile_CC=no

## ----------------- ##
## Output variables. ##
## ----------------- ##

AR='/usr/bin/ar'
ARCHFLAGS=''
AUDIOLIBS='-framework CoreAudio'
BINARY_DIR=''
CAIRODIR=''
CAIRODSONAME=''
CAIROFLAGS=''
CAIROLIBBASENAME='libfltk_cairo.a'
CAIROLIBNAME='../lib/libfltk_cairo.a'
CAIROLIBS=''
CAT1EXT='0'
CAT3EXT='0'
CAT6EXT='0'
CC='gcc'
CFLAGS=''
CPP=''
CPPFLAGS=''
CXX='g++ -std=gnu++11'
CXXFLAGS=''
DEFS='-DHAVE_CONFIG_H'
DOXYDOC=''
DSOCOMMAND='echo'
DSOFLAGS=''
DSOLINK=''
DSONAME=''
ECHO_C='\c'
ECHO_N=''
ECHO_T=''
EXEEXT=''
FLDSONAME=''
FLLIBBASENAME='libfltk_forms.a'
FLLIBNAME='../lib/libfltk_forms.a'
FLTKCAIROOPTION=''
FLTK_VERSION='1.3.11'
FLTK_VERSION_MAJOR='1'
FLTK_VERSION_MINOR='3'
FLTK_VERSION_PATCH='11'
FLUID='fluid'
FLUID_BUILD='../fluid/fluid'
FL_ABI_VERSION='1.3.0'
FL_DSO_VERSION='1.3'
FTCONFIG=''
GLDEMOS='gldemos'
GLDSONAME=''
GLLIBBASENAME='libfltk_gl.a'
GLLIBNAME='../lib/libfltk_gl.a'
GLLIBS='-framework OpenGL'
GROFF=''
HAVE_PNG_H=''
HLINKS='#'
IMAGELIBS='-lfltk_png -lfltk_z -lfltk_jpeg '
IMGDSONAME=''
IMGLIBBASENAME='libfltk_images.a'
IMGLIBNAME='../lib/libfltk_images.a'
INSTALL_DATA='${INSTALL} -m 644'
INSTALL_DESKTOP='install-osx'
INSTALL_PROGRAM='${INSTALL}'
INSTALL_SCRIPT='${INSTALL}'
JPEG='jpeg'
JPEGINC='-I../jpeg'
LARGEFILE='-D_LARGEFILE_SOURCE -D_LARGEFILE64_SOURCE'
LDFLAGS=''
LIBBASENAME='libfltk.a'
LIBCOMMAND='/usr/bin/ar cr'
LIBEXT='.a'
LIBNAME='../lib/libfltk.a'
LIBOBJS=''
LIBS='-lpthread  -framework Cocoa'
LINKFLTK='../lib/libfltk.a'
LINKFLTKCAIRO=''
LINKFLTKFORMS='../lib/libfltk_forms.a'
LINKFLTKGL='../lib/libfltk_gl.a'
LINKFLTKIMG='../lib/libfltk_images.a'
LINKSHARED=' ../lib/libfltk_images.a ../lib/libfltk_forms.a ../lib/libfltk.a'
LTLIBOBJS=''
MAKEDEPEND='$(CXX) -M'
NROFF=''
OBJEXT='o'
OPTIM=' -Os -Wno-deprecated-declarations -Wall -Wunused -Wno-format-y2k  -fno-exceptions -fno-strict-aliasing'
OSX_ONLY=''
PACKAGE_BUGREPORT=''
PACKAGE_NAME=''
PACKAGE_STRING=''
PACKAGE_TARNAME=''
PACKAGE_URL=''
PACKAGE_VERSION=''
PATH_SEPARATOR=':'
PKGCONFIG=''
PNG='png'
PNGINC='-I../png'
PTHREAD_FLAGS='-D_THREAD_SAFE -D_REENTRANT'
RANLIB='ranlib'
RC=''
SHAREDSUFFIX=''
SHELL='/bin/sh'
STATICIMAGELIBS='$libdir/libfltk_png.a $libdir/libfltk_z.a $libdir/libfltk_jpeg.a '
THREADS='threads'
UNINSTALL_DESKTOP='uninstall-osx'
USEMMFILES='Yes'
XMKMF=''
XPROP=''
X_CFLAGS=''
X_EXTRA_LIBS=''
X_LIBS=''
X_PRE_LIBS=''
ZLIB='zlib'
ZLIBINC='-I../zlib'
ac_ct_CC='gcc'
ac_ct_CXX='g++'
bindir='${exec_prefix}/bin'
build='aarch64-apple-darwin24.1.0'
build_alias=''
build_cpu='aarch64'
build_os='darwin24.1.0'
build_vendor='apple'
datadir='${datarootdir}'
datarootdir='${prefix}/share'
docdir='${datarootdir}/doc/${PACKAGE}'
dvidir='${docdir}'
exec_prefix='${prefix}'
host='aarch64-apple-darwin24.1.0'
host_alias=''
host_cpu='aarch64'
host_os='darwin24.1.0'
host_vendor='apple'
htmldir='${docdir}'
includedir='${prefix}/include'
infodir='${datarootdir}/info'
libdir='${exec_prefix}/lib'
libexecdir='${exec_prefix}/libexec'
localedir='${datarootdir}/locale'
localstatedir='${prefix}/var'
mandir='${datarootdir}/man'
oldincludedir='/usr/include'
pdfdir='${docdir}'
prefix='/usr/local'
program_transform_name='s,x,x,'
psdir='${docdir}'
runstatedir='${localstatedir}/run'
sbindir='${exec_prefix}/sbin'
sharedstatedir='${prefix}/com'
sysconfdir='${prefix}/etc'
target_alias=''

## ----------- ##
## confdefs.h. ##
## ----------- ##

/* confdefs.h */
#define PACKAGE_NAME ""
#define PACKAGE_TARNAME ""
#define PACKAGE_VERSION ""
#define PACKAGE_STRING ""
#define PACKAGE_BUGREPORT ""
#define PACKAGE_URL ""
#define HAVE_STDIO_H 1
#define HAVE_STDLIB_H 1
#define HAVE_STRING_H 1
#define HAVE_INTTYPES_H 1
#define HAVE_STDINT_H 1
#define HAVE_STRINGS_H 1
#define HAVE_SYS_STAT_H 1
#define HAVE_SYS_TYPES_H 1
#define HAVE_UNISTD_H 1
#define STDC_HEADERS 1
#define SIZEOF_SHORT 2
#define SIZEOF_INT 4
#define SIZEOF_LONG 8
#define U16 unsigned short
#define U32 unsigned
#define HAVE_DIRENT_H 1
#define HAVE_SYS_SELECT_H 1
#define HAVE_SCANDIR 1
#define HAVE_SCANDIR_POSIX 1
#define HAVE_VSNPRINTF 1
#define HAVE_SNPRINTF 1
#define HAVE_STRINGS_H 1
#define HAVE_STRCASECMP 1
#define HAVE_STRLCAT 1
#define HAVE_STRLCPY 1
#define HAVE_LOCALE_H 1
#define HAVE_LOCALECONV 1
#define HAVE_LONG_LONG 1
#define HAVE_DLSYM 1
#define HAVE_DLFCN_H 1
#define HAVE_LIBJPEG 1
#define HAVE_LIBZ 1
#define HAVE_LIBPNG 1
#define HAVE_PNG_H 1
#define HAVE_PNG_GET_VALID 1
#define HAVE_PNG_SET_TRNS_TO_ALPHA 1
#define HAVE_PTHREAD_H 1
#define HAVE_PTHREAD 1
#define __APPLE_QUARTZ__ 1
#define HAVE_PTHREAD 1
#define HAVE_GL 1
#define HAVE_GL_GLU_H 1
#define FLTK_DOCDIR "/usr/local/share/doc/fltk"
#define FLTK_DATADIR "/usr/local/share/fltk"

configure: exit 0
